<?xml version="1.0" encoding="UTF-8"?>
<testsuite name="com.aor.numbers.ListDeduplicatorTest" tests="2" skipped="0" failures="0" errors="0" timestamp="2021-03-19T11:11:59" hostname="krypt0" time="0.023">
  <properties/>
  <testcase name="distinct_bug_8726()" classname="com.aor.numbers.ListDeduplicatorTest" time="0.022"/>
  <testcase name="deduplicate()" classname="com.aor.numbers.ListDeduplicatorTest" time="0.001"/>
  <system-out><![CDATA[]]></system-out>
  <system-err><![CDATA[]]></system-err>
</testsuite>
