<?xml version="1.0" encoding="UTF-8"?>
<testsuite name="com.aor.numbers.ListDeduplicatorTest" tests="2" skipped="0" failures="0" errors="0" timestamp="2021-03-08T10:35:06" hostname="krypt0" time="0.002">
  <properties/>
  <testcase name="deduplicate" classname="com.aor.numbers.ListDeduplicatorTest" time="0.002"/>
  <testcase name="deduplicater" classname="com.aor.numbers.ListDeduplicatorTest" time="0.0"/>
  <system-out><![CDATA[]]></system-out>
  <system-err><![CDATA[]]></system-err>
</testsuite>
