<?xml version="1.0" encoding="UTF-8"?>
<testsuite name="com.aor.numbers.ListSorterTest" tests="2" skipped="0" failures="0" errors="0" timestamp="2021-03-05T16:55:37" hostname="krypt0" time="0.04">
  <properties/>
  <testcase name="sorter" classname="com.aor.numbers.ListSorterTest" time="0.039"/>
  <testcase name="sort" classname="com.aor.numbers.ListSorterTest" time="0.0"/>
  <system-out><![CDATA[]]></system-out>
  <system-err><![CDATA[]]></system-err>
</testsuite>
